2021-12-17 18:31:59 [INFO] Starting minecraft server version 1.5.2
2021-12-17 18:31:59 [INFO] Loading properties
2021-12-17 18:31:59 [WARNING] server.properties does not exist
2021-12-17 18:31:59 [INFO] Generating new properties file
2021-12-17 18:31:59 [INFO] Default game type: SURVIVAL
2021-12-17 18:32:00 [INFO] This server is running CraftBukkit version git-Spigot-959 (MC: 1.5.2) (Implementing API version 1.5.2-R1.1-SNAPSHOT)
2021-12-17 18:32:00 [INFO] Generating keypair
2021-12-17 18:32:00 [INFO] Starting listener #0 on *:25565
2021-12-17 18:32:00 [INFO] You don't have Javassist in your class path or you don't have enough permission to load dynamically generated classes.  Please check the configuration for better performance.
2021-12-17 18:32:00 [INFO] Your platform does not provide complete low-level API for accessing direct buffers reliably. Unless explicitly requested, heap buffer will always be preferred to avoid potential system unstability.
2021-12-17 18:32:00 [WARNING] **** FAILED TO BIND TO PORT!
2021-12-17 18:32:00 [WARNING] The exception was: java.net.BindException: Address already in use: bind
2021-12-17 18:32:00 [WARNING] Perhaps a server is already running on that port?
2021-12-17 18:32:20 [INFO] Stopping server
2021-12-17 18:32:20 [INFO] Saving players
2021-12-17 18:32:20 [INFO] Saving worlds
2021-12-17 18:32:20 [INFO] Stopping server
2021-12-17 18:33:46 [INFO] Starting minecraft server version 1.5.2
2021-12-17 18:33:46 [INFO] Loading properties
2021-12-17 18:33:46 [INFO] Default game type: SURVIVAL
2021-12-17 18:33:47 [INFO] This server is running CraftBukkit version git-Spigot-959 (MC: 1.5.2) (Implementing API version 1.5.2-R1.1-SNAPSHOT)
2021-12-17 18:33:47 [INFO] Generating keypair
2021-12-17 18:33:47 [INFO] Starting listener #0 on *:25569
2021-12-17 18:33:47 [INFO] You don't have Javassist in your class path or you don't have enough permission to load dynamically generated classes.  Please check the configuration for better performance.
2021-12-17 18:33:47 [INFO] Your platform does not provide complete low-level API for accessing direct buffers reliably. Unless explicitly requested, heap buffer will always be preferred to avoid potential system unstability.
2021-12-17 18:33:47 [INFO] Preparing level "world"
2021-12-17 18:33:47 [INFO] -------- World Settings For [world] --------
2021-12-17 18:33:47 [INFO] View Distance: 10
2021-12-17 18:33:47 [INFO] Chunks to Grow per Tick: 650
2021-12-17 18:33:47 [INFO] Experience Merge Radius: 3.0
2021-12-17 18:33:47 [INFO] Item Merge Radius: 2.5
2021-12-17 18:33:47 [INFO] Cactus Growth Modifier: 100%
2021-12-17 18:33:47 [INFO] Cane Growth Modifier: 100%
2021-12-17 18:33:47 [INFO] Melon Growth Modifier: 100%
2021-12-17 18:33:47 [INFO] Mushroom Growth Modifier: 100%
2021-12-17 18:33:47 [INFO] Pumpkin Growth Modifier: 100%
2021-12-17 18:33:47 [INFO] Sapling Growth Modifier: 100%
2021-12-17 18:33:47 [INFO] Wheat Growth Modifier: 100%
2021-12-17 18:33:47 [INFO] Anti X-Ray: true
2021-12-17 18:33:47 [INFO] 	Engine Mode: 1
2021-12-17 18:33:47 [INFO] 	Blocks: [1, 5, 14, 15, 16, 21, 48, 49, 54, 56, 73, 74, 82, 129, 130]
2021-12-17 18:33:47 [INFO] Mob Spawn Range: 4
2021-12-17 18:33:47 [INFO] Hopper Transfer: 8 Hopper Check: 8
2021-12-17 18:33:47 [INFO] Entity Activation Range: An 32 / Mo 32 / Mi 16
2021-12-17 18:33:47 [INFO] Entity Tracking Range: Pl 48 / An 48 / Mo 48 / Mi 32 / Other 64
2021-12-17 18:33:47 [INFO] Random Lighting Updates: false
2021-12-17 18:33:47 [INFO] -------- World Settings For [world_nether] --------
2021-12-17 18:33:47 [INFO] View Distance: 10
2021-12-17 18:33:47 [INFO] Chunks to Grow per Tick: 650
2021-12-17 18:33:47 [INFO] Experience Merge Radius: 3.0
2021-12-17 18:33:47 [INFO] Item Merge Radius: 2.5
2021-12-17 18:33:47 [INFO] Cactus Growth Modifier: 100%
2021-12-17 18:33:47 [INFO] Cane Growth Modifier: 100%
2021-12-17 18:33:47 [INFO] Melon Growth Modifier: 100%
2021-12-17 18:33:47 [INFO] Mushroom Growth Modifier: 100%
2021-12-17 18:33:47 [INFO] Pumpkin Growth Modifier: 100%
2021-12-17 18:33:47 [INFO] Sapling Growth Modifier: 100%
2021-12-17 18:33:47 [INFO] Wheat Growth Modifier: 100%
2021-12-17 18:33:47 [INFO] Anti X-Ray: true
2021-12-17 18:33:47 [INFO] 	Engine Mode: 1
2021-12-17 18:33:47 [INFO] 	Blocks: [1, 5, 14, 15, 16, 21, 48, 49, 54, 56, 73, 74, 82, 129, 130]
2021-12-17 18:33:47 [INFO] Mob Spawn Range: 4
2021-12-17 18:33:47 [INFO] Hopper Transfer: 8 Hopper Check: 8
2021-12-17 18:33:47 [INFO] Entity Activation Range: An 32 / Mo 32 / Mi 16
2021-12-17 18:33:47 [INFO] Entity Tracking Range: Pl 48 / An 48 / Mo 48 / Mi 32 / Other 64
2021-12-17 18:33:47 [INFO] Random Lighting Updates: false
2021-12-17 18:33:48 [INFO] -------- World Settings For [world_the_end] --------
2021-12-17 18:33:48 [INFO] View Distance: 10
2021-12-17 18:33:48 [INFO] Chunks to Grow per Tick: 650
2021-12-17 18:33:48 [INFO] Experience Merge Radius: 3.0
2021-12-17 18:33:48 [INFO] Item Merge Radius: 2.5
2021-12-17 18:33:48 [INFO] Cactus Growth Modifier: 100%
2021-12-17 18:33:48 [INFO] Cane Growth Modifier: 100%
2021-12-17 18:33:48 [INFO] Melon Growth Modifier: 100%
2021-12-17 18:33:48 [INFO] Mushroom Growth Modifier: 100%
2021-12-17 18:33:48 [INFO] Pumpkin Growth Modifier: 100%
2021-12-17 18:33:48 [INFO] Sapling Growth Modifier: 100%
2021-12-17 18:33:48 [INFO] Wheat Growth Modifier: 100%
2021-12-17 18:33:48 [INFO] Anti X-Ray: true
2021-12-17 18:33:48 [INFO] 	Engine Mode: 1
2021-12-17 18:33:48 [INFO] 	Blocks: [1, 5, 14, 15, 16, 21, 48, 49, 54, 56, 73, 74, 82, 129, 130]
2021-12-17 18:33:48 [INFO] Mob Spawn Range: 4
2021-12-17 18:33:48 [INFO] Hopper Transfer: 8 Hopper Check: 8
2021-12-17 18:33:48 [INFO] Entity Activation Range: An 32 / Mo 32 / Mi 16
2021-12-17 18:33:48 [INFO] Entity Tracking Range: Pl 48 / An 48 / Mo 48 / Mi 32 / Other 64
2021-12-17 18:33:48 [INFO] Random Lighting Updates: false
2021-12-17 18:33:48 [INFO] Preparing start region for level 0 (Seed: -855162288097023011)
2021-12-17 18:33:49 [INFO] Preparing spawn area: 37%
2021-12-17 18:33:50 [INFO] Preparing spawn area: 83%
2021-12-17 18:33:50 [INFO] Preparing start region for level 1 (Seed: -855162288097023011)
2021-12-17 18:33:51 [INFO] Preparing spawn area: 33%
2021-12-17 18:33:52 [INFO] Preparing spawn area: 95%
2021-12-17 18:33:52 [INFO] Preparing start region for level 2 (Seed: -855162288097023011)
2021-12-17 18:33:53 [INFO] Preparing spawn area: 95%
2021-12-17 18:33:53 [INFO] Server permissions file permissions.yml is empty, ignoring it
2021-12-17 18:33:53 [INFO] Done (5.791s)! For help, type "help" or "?"
2021-12-17 18:39:40 [INFO] Disconnecting DumpsterFuck41_ [/127.0.0.1:64411]: Failed to verify username!
2021-12-17 18:39:40 [WARNING] Exception verifying DumpsterFuck41_
java.lang.NullPointerException: Cannot invoke "javax.crypto.SecretKey.getEncoded()" because "<parameter3>" is null
	at net.minecraft.server.v1_5_R3.MinecraftEncryption.a(SourceFile:65)
	at net.minecraft.server.v1_5_R3.ThreadLoginVerifier.auth(ThreadLoginVerifier.java:31)
	at net.minecraft.server.v1_5_R3.ThreadLoginVerifier.run(ThreadLoginVerifier.java:52)
2021-12-17 18:40:15 [INFO] CONSOLE: Stopping the server..[m

2021-12-17 18:40:15 [INFO] Stopping server
2021-12-17 18:40:15 [INFO] Saving players
2021-12-17 18:40:15 [INFO] Saving worlds
2021-12-17 18:40:15 [INFO] Saving chunks for level 'world'/Overworld
2021-12-17 18:40:16 [INFO] Saving chunks for level 'world_nether'/Nether
2021-12-17 18:40:16 [INFO] Saving chunks for level 'world_the_end'/The End
2021-12-17 18:40:56 [INFO] Starting minecraft server version 1.5.2
2021-12-17 18:40:56 [INFO] Loading properties
2021-12-17 18:40:56 [INFO] Default game type: SURVIVAL
2021-12-17 18:40:57 [INFO] This server is running CraftBukkit version git-Spigot-959 (MC: 1.5.2) (Implementing API version 1.5.2-R1.1-SNAPSHOT)
2021-12-17 18:40:57 [INFO] Generating keypair
2021-12-17 18:40:57 [INFO] Starting listener #0 on *:25569
2021-12-17 18:40:57 [INFO] You don't have Javassist in your class path or you don't have enough permission to load dynamically generated classes.  Please check the configuration for better performance.
2021-12-17 18:40:57 [INFO] Your platform does not provide complete low-level API for accessing direct buffers reliably. Unless explicitly requested, heap buffer will always be preferred to avoid potential system unstability.
2021-12-17 18:40:57 [WARNING] **** SERVER IS RUNNING IN OFFLINE/INSECURE MODE!
2021-12-17 18:40:57 [WARNING] The server will make no attempt to authenticate usernames. Beware.
2021-12-17 18:40:57 [WARNING] While this makes the game possible to play without internet access, it also opens up the ability for hackers to connect with any username they choose.
2021-12-17 18:40:57 [WARNING] To change this, set "online-mode" to "true" in the server.properties file.
2021-12-17 18:40:57 [INFO] Preparing level "world"
2021-12-17 18:40:57 [INFO] -------- World Settings For [world] --------
2021-12-17 18:40:57 [INFO] Chunks to Grow per Tick: 650
2021-12-17 18:40:57 [INFO] Experience Merge Radius: 3.0
2021-12-17 18:40:57 [INFO] View Distance: 10
2021-12-17 18:40:57 [INFO] Item Merge Radius: 2.5
2021-12-17 18:40:57 [INFO] Cactus Growth Modifier: 100%
2021-12-17 18:40:57 [INFO] Cane Growth Modifier: 100%
2021-12-17 18:40:57 [INFO] Melon Growth Modifier: 100%
2021-12-17 18:40:57 [INFO] Mushroom Growth Modifier: 100%
2021-12-17 18:40:57 [INFO] Pumpkin Growth Modifier: 100%
2021-12-17 18:40:57 [INFO] Sapling Growth Modifier: 100%
2021-12-17 18:40:57 [INFO] Wheat Growth Modifier: 100%
2021-12-17 18:40:57 [INFO] Entity Activation Range: An 32 / Mo 32 / Mi 16
2021-12-17 18:40:57 [INFO] Entity Tracking Range: Pl 48 / An 48 / Mo 48 / Mi 32 / Other 64
2021-12-17 18:40:57 [INFO] Random Lighting Updates: false
2021-12-17 18:40:57 [INFO] Hopper Transfer: 8 Hopper Check: 8
2021-12-17 18:40:57 [INFO] Mob Spawn Range: 4
2021-12-17 18:40:57 [INFO] Anti X-Ray: true
2021-12-17 18:40:57 [INFO] 	Engine Mode: 1
2021-12-17 18:40:57 [INFO] 	Blocks: [1, 5, 14, 15, 16, 21, 48, 49, 54, 56, 73, 74, 82, 129, 130]
2021-12-17 18:40:57 [INFO] -------- World Settings For [world_nether] --------
2021-12-17 18:40:57 [INFO] Chunks to Grow per Tick: 650
2021-12-17 18:40:57 [INFO] Experience Merge Radius: 3.0
2021-12-17 18:40:57 [INFO] View Distance: 10
2021-12-17 18:40:57 [INFO] Item Merge Radius: 2.5
2021-12-17 18:40:57 [INFO] Cactus Growth Modifier: 100%
2021-12-17 18:40:57 [INFO] Cane Growth Modifier: 100%
2021-12-17 18:40:57 [INFO] Melon Growth Modifier: 100%
2021-12-17 18:40:57 [INFO] Mushroom Growth Modifier: 100%
2021-12-17 18:40:57 [INFO] Pumpkin Growth Modifier: 100%
2021-12-17 18:40:57 [INFO] Sapling Growth Modifier: 100%
2021-12-17 18:40:57 [INFO] Wheat Growth Modifier: 100%
2021-12-17 18:40:57 [INFO] Entity Activation Range: An 32 / Mo 32 / Mi 16
2021-12-17 18:40:57 [INFO] Entity Tracking Range: Pl 48 / An 48 / Mo 48 / Mi 32 / Other 64
2021-12-17 18:40:57 [INFO] Random Lighting Updates: false
2021-12-17 18:40:57 [INFO] Hopper Transfer: 8 Hopper Check: 8
2021-12-17 18:40:57 [INFO] Mob Spawn Range: 4
2021-12-17 18:40:57 [INFO] Anti X-Ray: true
2021-12-17 18:40:57 [INFO] 	Engine Mode: 1
2021-12-17 18:40:57 [INFO] 	Blocks: [1, 5, 14, 15, 16, 21, 48, 49, 54, 56, 73, 74, 82, 129, 130]
2021-12-17 18:40:57 [INFO] -------- World Settings For [world_the_end] --------
2021-12-17 18:40:57 [INFO] Chunks to Grow per Tick: 650
2021-12-17 18:40:57 [INFO] Experience Merge Radius: 3.0
2021-12-17 18:40:57 [INFO] View Distance: 10
2021-12-17 18:40:57 [INFO] Item Merge Radius: 2.5
2021-12-17 18:40:57 [INFO] Cactus Growth Modifier: 100%
2021-12-17 18:40:57 [INFO] Cane Growth Modifier: 100%
2021-12-17 18:40:57 [INFO] Melon Growth Modifier: 100%
2021-12-17 18:40:57 [INFO] Mushroom Growth Modifier: 100%
2021-12-17 18:40:57 [INFO] Pumpkin Growth Modifier: 100%
2021-12-17 18:40:57 [INFO] Sapling Growth Modifier: 100%
2021-12-17 18:40:57 [INFO] Wheat Growth Modifier: 100%
2021-12-17 18:40:57 [INFO] Entity Activation Range: An 32 / Mo 32 / Mi 16
2021-12-17 18:40:57 [INFO] Entity Tracking Range: Pl 48 / An 48 / Mo 48 / Mi 32 / Other 64
2021-12-17 18:40:57 [INFO] Random Lighting Updates: false
2021-12-17 18:40:57 [INFO] Hopper Transfer: 8 Hopper Check: 8
2021-12-17 18:40:57 [INFO] Mob Spawn Range: 4
2021-12-17 18:40:57 [INFO] Anti X-Ray: true
2021-12-17 18:40:57 [INFO] 	Engine Mode: 1
2021-12-17 18:40:57 [INFO] 	Blocks: [1, 5, 14, 15, 16, 21, 48, 49, 54, 56, 73, 74, 82, 129, 130]
2021-12-17 18:40:57 [INFO] Preparing start region for level 0 (Seed: -855162288097023011)
2021-12-17 18:40:57 [INFO] Preparing start region for level 1 (Seed: -855162288097023011)
2021-12-17 18:40:58 [INFO] Preparing start region for level 2 (Seed: -855162288097023011)
2021-12-17 18:40:58 [INFO] Server permissions file permissions.yml is empty, ignoring it
2021-12-17 18:40:58 [INFO] Done (0.952s)! For help, type "help" or "?"
2021-12-17 18:41:02 [INFO] DumpsterFuck41_[/127.0.0.1:64420] logged in with entity id 1774 at ([world] -206.5, 71.0, 252.5)
2021-12-17 18:43:22 [INFO] DumpsterFuck41_ lost connection: disconnect.quitting
2021-12-17 18:55:48 [INFO] DumpsterFuck41_[/127.0.0.1:64719] logged in with entity id 2659 at ([world] -257.28834483493495, 74.0, 262.5991733628332)
2021-12-17 18:59:07 [INFO] DumpsterFuck41_ lost connection: disconnect.quitting
2021-12-17 18:59:22 [INFO] DumpsterFuck41_[/127.0.0.1:64731] logged in with entity id 3316 at ([world] -257.28834483493495, 74.0, 262.5991733628332)
2021-12-17 19:00:09 [INFO] DumpsterFuck41_ lost connection: disconnect.quitting
2021-12-17 19:02:34 [INFO] DumpsterFuck41_[/127.0.0.1:64738] logged in with entity id 3628 at ([world] -228.193949324868, 78.0, 271.1318992981757)
2021-12-17 19:04:41 [INFO] DumpsterFuck41_ lost connection: disconnect.quitting
2021-12-17 19:04:51 [INFO] DumpsterFuck41_[/127.0.0.1:64747] logged in with entity id 4243 at ([world] -241.92623246399458, 78.0, 283.30000001192093)
2021-12-17 19:05:24 [INFO] DumpsterFuck41_ lost connection: disconnect.genericReason
2021-12-17 19:05:24 [SEVERE] io.netty.handler.timeout.ReadTimeoutException

2021-12-17 19:08:22 [INFO] DumpsterFuck41_[/127.0.0.1:64755] logged in with entity id 4413 at ([world] -241.92623246399458, 78.0, 283.30000001192093)
2021-12-17 19:11:12 [INFO] DumpsterFuck41_ lost connection: disconnect.quitting
2021-12-17 19:11:30 [INFO] DumpsterFuck41_[/127.0.0.1:64767] logged in with entity id 4810 at ([world] -248.3870677052378, 76.0, 299.2845998985032)
2021-12-17 19:17:46 [INFO] DumpsterFuck41_ lost connection: disconnect.quitting
2021-12-17 19:18:03 [INFO] DumpsterFuck41_[/127.0.0.1:64781] logged in with entity id 5683 at ([world] -262.82134245931064, 76.0, 304.9033908257818)
2021-12-17 19:19:26 [INFO] DumpsterFuck41_ lost connection: disconnect.quitting
2021-12-17 19:19:39 [INFO] DumpsterFuck41_[/127.0.0.1:64795] logged in with entity id 6016 at ([world] -263.592707593921, 76.0, 305.60714773637625)
2021-12-17 19:21:23 [SEVERE] io.netty.handler.timeout.ReadTimeoutException

2021-12-17 19:21:23 [INFO] DumpsterFuck41_ lost connection: disconnect.genericReason
2021-12-17 19:27:50 [INFO] DumpsterFuck41_[/127.0.0.1:64829] logged in with entity id 6466 at ([world] -263.20669983544934, 68.66483293953216, 299.30000001192093)
2021-12-17 19:28:42 [INFO] DumpsterFuck41_ lost connection: disconnect.quitting
2021-12-17 19:32:22 [INFO] DumpsterFuck41_[/127.0.0.1:64840] logged in with entity id 6733 at ([world] -265.48936340189135, 73.0, 286.96534454456935)
2021-12-17 19:32:43 [INFO] DumpsterFuck41_ lost connection: disconnect.quitting
